#
# A fatal error has been detected by the Java Runtime Environment:
#
#  SIGILL (0x4) at pc=0x00007f8e6845b640, pid=13952, tid=140248728172288
#
# JRE version: Java(TM) SE Runtime Environment (8.0_45-b14) (build 1.8.0_45-b14)
# Java VM: Java HotSpot(TM) 64-Bit Server VM (25.45-b02 mixed mode linux-amd64 compressed oops)
# Problematic frame:
# V  [libjvm.so+0xbe6640]
#
# Failed to write core dump. Core dumps have been disabled. To enable core dumping, try "ulimit -c unlimited" before starting Java again
#
# If you would like to submit a bug report, please visit:
#   http://bugreport.java.com/bugreport/crash.jsp
#

---------------  T H R E A D  ---------------

Current thread (0x00007f8e600cf800):  JavaThread "C2 CompilerThread0" daemon [_thread_in_native, id=13981, stack(0x00007f8e338f7000,0x00007f8e339f8000)]

siginfo: si_signo: 4 (SIGILL), si_code: 2 (ILL_ILLOPN), si_addr: 0x00007f8e6845b640

Registers:
RAX=0x0000000000000040, RBX=0x00007f8e31717c00, RCX=0x00007f8e142dd020, RDX=0x0000000000000000
RSP=0x00007f8e339f3378, RBP=0x00007f8e339f3380, RSI=0x0000000000000003, RDI=0x00007f8e339f33e0
R8 =0x0000000000000031, R9 =0x00000000000efdbc, R10=0x00000000eefede08, R11=0x000000000003ffff
R12=0x0000000000003113, R13=0x00007f8e339f3690, R14=0x00007f8e339f33e0, R15=0x000000007fffffff
RIP=0x00007f8e6845b640, EFLAGS=0x0000000000010246, CSGSFS=0x0000000000000033, ERR=0x0000000000000000
  TRAPNO=0x0000000000000006

Top of Stack: (sp=0x00007f8e339f3378)
0x00007f8e339f3378:   00007f8e67ea33ee 00007f8e339f34d0
0x00007f8e339f3388:   00007f8e67ce4cb7 00007f8e339f3420
0x00007f8e339f3398:   00007f8e339f3460 00007f8e3162ab80
0x00007f8e339f33a8:   00000f6600000019 00007f8e1d388740
0x00007f8e339f33b8:   00007f8e1d3c9468 0000000000000003
0x00007f8e339f33c8:   00000040339f3460 0000000000000078
0x00007f8e339f33d8:   00000000000000c8 0000311800000000
0x00007f8e339f33e8:   00007f8e00000001 00007f8e60faa780
0x00007f8e339f33f8:   00007f8e00000032 00007f8e60fd9aa0
0x00007f8e339f3408:   00007f8e0000004f 00007f8e339f36b0
0x00007f8e339f3418:   00007f8e681c91e8 0000197d00000000
0x00007f8e339f3428:   0000000000000008 00007f8e109542a0
0x00007f8e339f3438:   00007f8e0000004f 00007f8e10853500
0x00007f8e339f3448:   00007f8e0000004f 00007f8e3162ab80
0x00007f8e339f3458:   00007f8e339f3690 00004e5300000000
0x00007f8e339f3468:   00007f8e00000008 00007f8e1cbd6d00
0x00007f8e339f3478:   00007f8e0000004f 00007f8e101022d8
0x00007f8e339f3488:   00007f8e0000004f 00007f8e315c6fe0
0x00007f8e339f3498:   00000fdb00000000 0000000000000008
0x00007f8e339f34a8:   00007f8e148f0490 00007f8e148f0490
0x00007f8e339f34b8:   00007f8e339f3690 00007f8e1c83d210
0x00007f8e339f34c8:   0000000000000019 00007f8e339f35e0
0x00007f8e339f34d8:   00007f8e67ce5cc3 00007f8e148f03d8
0x00007f8e339f34e8:   00007f8e148f03d8 00007f8e1c83d210
0x00007f8e339f34f8:   00007f8e00000019 0000000000007fd8
0x00007f8e339f3508:   00007f8e000f42b2 000000000000195f
0x00007f8e339f3518:   00007f8e00000019 00007f8e339f3580
0x00007f8e339f3528:   00007f8e68804960 00007f8e339f36b0
0x00007f8e339f3538:   00007f8e148ef748 0000195f00000f66
0x00007f8e339f3548:   00007f8e148ef748 00007f8e148f0490
0x00007f8e339f3558:   00007f8e315c6fe0 00007f8e3162ab80
0x00007f8e339f3568:   0000000000064170 0000000000000f66 

Instructions: (pc=0x00007f8e6845b640)
0x00007f8e6845b620:   04 00 00 00 00 00 00 00 24 00 00 00 dc 1c 05 00
0x00007f8e6845b630:   90 62 6f ff 53 01 00 00 00 41 0e 10 86 02 48 0d
0x00007f8e6845b640:   06 42 8d 03 46 83 05 8c 04 00 00 00 00 00 00 00
0x00007f8e6845b650:   24 00 00 00 04 1d 05 00 c8 63 6f ff 63 01 00 00 

Register to memory mapping:

RAX=0x0000000000000040 is an unknown value
RBX=0x00007f8e31717c00 is an unknown value
RCX=0x00007f8e142dd020 is an unknown value
RDX=0x0000000000000000 is an unknown value
RSP=0x00007f8e339f3378 is pointing into the stack for thread: 0x00007f8e600cf800
RBP=0x00007f8e339f3380 is pointing into the stack for thread: 0x00007f8e600cf800
RSI=0x0000000000000003 is an unknown value
RDI=0x00007f8e339f33e0 is pointing into the stack for thread: 0x00007f8e600cf800
R8 =0x0000000000000031 is an unknown value
R9 =0x00000000000efdbc is an unknown value
R10=0x00000000eefede08 is an unallocated location in the heap
R11=0x000000000003ffff is an unknown value
R12=0x0000000000003113 is an unknown value
R13=0x00007f8e339f3690 is pointing into the stack for thread: 0x00007f8e600cf800
R14=0x00007f8e339f33e0 is pointing into the stack for thread: 0x00007f8e600cf800
R15=0x000000007fffffff is an unknown value


Stack: [0x00007f8e338f7000,0x00007f8e339f8000],  sp=0x00007f8e339f3378,  free space=1008k
Native frames: (J=compiled Java code, j=interpreted, Vv=VM code, C=native code)
V  [libjvm.so+0xbe6640]
V  [libjvm.so+0x46fcb7]
V  [libjvm.so+0x470cc3]
V  [libjvm.so+0x471010]
V  [libjvm.so+0x46f772]
V  [libjvm.so+0x408261]
V  [libjvm.so+0x49abe0]
V  [libjvm.so+0x49e032]
V  [libjvm.so+0x3ebeb8]
V  [libjvm.so+0x4a843a]
V  [libjvm.so+0x4a93e6]
V  [libjvm.so+0xa5c86f]
V  [libjvm.so+0xa5c99c]
V  [libjvm.so+0x910de8]
C  [libpthread.so.0+0x8182]  start_thread+0xc2


Current CompileTask:
C2:   4588 2211       4       java.net.URLClassLoader$1::run (5 bytes)


---------------  P R O C E S S  ---------------

Java Threads: ( => current thread )
  0x00007f8e60736000 JavaThread "GC Daemon" daemon [_thread_blocked, id=13990, stack(0x00007f8e32cd6000,0x00007f8e32dd7000)]
  0x00007f8e600da000 JavaThread "Service Thread" daemon [_thread_blocked, id=13984, stack(0x00007f8e335f4000,0x00007f8e336f5000)]
  0x00007f8e600d4000 JavaThread "C1 CompilerThread2" daemon [_thread_blocked, id=13983, stack(0x00007f8e336f5000,0x00007f8e337f6000)]
  0x00007f8e600d2800 JavaThread "C2 CompilerThread1" daemon [_thread_in_native, id=13982, stack(0x00007f8e337f6000,0x00007f8e338f7000)]
=>0x00007f8e600cf800 JavaThread "C2 CompilerThread0" daemon [_thread_in_native, id=13981, stack(0x00007f8e338f7000,0x00007f8e339f8000)]
  0x00007f8e28001000 JavaThread "JDWP Command Reader" daemon [_thread_in_native, id=13980, stack(0x00007f8e339f8000,0x00007f8e33af9000)]
  0x00007f8e600cd000 JavaThread "JDWP Event Helper Thread" daemon [_thread_blocked, id=13979, stack(0x00007f8e33af9000,0x00007f8e33bfa000)]
  0x00007f8e600c9800 JavaThread "JDWP Transport Listener: dt_socket" daemon [_thread_blocked, id=13978, stack(0x00007f8e33bfa000,0x00007f8e33cfb000)]
  0x00007f8e600bc000 JavaThread "Signal Dispatcher" daemon [_thread_blocked, id=13975, stack(0x00007f8e33eff000,0x00007f8e34000000)]
  0x00007f8e60084800 JavaThread "Finalizer" daemon [_thread_blocked, id=13968, stack(0x00007f8e4806e000,0x00007f8e4816f000)]
  0x00007f8e60082800 JavaThread "Reference Handler" daemon [_thread_blocked, id=13967, stack(0x00007f8e4816f000,0x00007f8e48270000)]
  0x00007f8e6000f800 JavaThread "main" [_thread_in_native, id=13954, stack(0x00007f8e6933f000,0x00007f8e69440000)]

Other Threads:
  0x00007f8e6007d800 VMThread [stack: 0x00007f8e5008e000,0x00007f8e5018f000] [id=13966]
  0x00007f8e600dc800 WatcherThread [stack: 0x00007f8e334f3000,0x00007f8e335f4000] [id=13985]

VM state:not at safepoint (normal execution)

VM Mutex/Monitor currently owned by a thread: None

Heap:
 PSYoungGen      total 98816K, used 20015K [0x00000000d6f80000, 0x00000000df580000, 0x0000000100000000)
  eden space 93696K, 15% used [0x00000000d6f80000,0x00000000d7e10400,0x00000000dcb00000)
  from space 5120K, 99% used [0x00000000df080000,0x00000000df57b938,0x00000000df580000)
  to   space 5120K, 0% used [0x00000000deb80000,0x00000000deb80000,0x00000000df080000)
 ParOldGen       total 67072K, used 14610K [0x0000000084e00000, 0x0000000088f80000, 0x00000000d6f80000)
  object space 67072K, 21% used [0x0000000084e00000,0x0000000085c44bc0,0x0000000088f80000)
 Metaspace       used 28321K, capacity 28634K, committed 28928K, reserved 1075200K
  class space    used 3613K, capacity 3719K, committed 3840K, reserved 1048576K

Card table byte_map: [0x00007f8e65630000,0x00007f8e65a0a000] byte_map_base: 0x00007f8e65209000

Marking Bits: (ParMarkBitMap*) 0x00007f8e68812760
 Begin Bits: [0x00007f8e48270000, 0x00007f8e4a138000)
 End Bits:   [0x00007f8e4a138000, 0x00007f8e4c000000)

Polling page: 0x00007f8e69459000

CodeCache: size=245760Kb used=8881Kb max_used=8881Kb free=236878Kb
 bounds [0x00007f8e51000000, 0x00007f8e518c0000, 0x00007f8e60000000]
 total_blobs=2806 nmethods=2428 adapters=299
 compilation: enabled

Compilation events (10 events):
Event: 4,501 Thread 0x00007f8e600d4000 2446       3       java.util.ResourceBundle$CacheKey::access$600 (5 bytes)
Event: 4,502 Thread 0x00007f8e600d4000 nmethod 2446 0x00007f8e518b1910 code [0x00007f8e518b1a60, 0x00007f8e518b1bb0]
Event: 4,508 Thread 0x00007f8e600d4000 2448       1       org.apache.cxf.bus.extension.Extension::getLoadedObject (5 bytes)
Event: 4,508 Thread 0x00007f8e600d4000 nmethod 2448 0x00007f8e518b1650 code [0x00007f8e518b17a0, 0x00007f8e518b18b0]
Event: 4,518 Thread 0x00007f8e600d4000 2449       1       java.util.Locale::getBaseLocale (5 bytes)
Event: 4,519 Thread 0x00007f8e600d4000 nmethod 2449 0x00007f8e518b1390 code [0x00007f8e518b14e0, 0x00007f8e518b15f0]
Event: 4,533 Thread 0x00007f8e600d4000 2450       3       ch.qos.logback.classic.LoggerContext::getTurboFilterChainDecision_0_3OrMore (31 bytes)
Event: 4,534 Thread 0x00007f8e600d4000 nmethod 2450 0x00007f8e518b0c10 code [0x00007f8e518b0da0, 0x00007f8e518b11e8]
Event: 4,550 Thread 0x00007f8e600d4000 2451   !   3       java.util.ResourceBundle::findBundleInCache (308 bytes)
Event: 4,556 Thread 0x00007f8e600d4000 nmethod 2451 0x00007f8e518b36d0 code [0x00007f8e518b3a00, 0x00007f8e518b5828]

GC Heap History (10 events):
Event: 1,253 GC heap before
{Heap before GC invocations=1 (full 0):
 PSYoungGen      total 36864K, used 31744K [0x00000000d6f80000, 0x00000000d9880000, 0x0000000100000000)
  eden space 31744K, 100% used [0x00000000d6f80000,0x00000000d8e80000,0x00000000d8e80000)
  from space 5120K, 0% used [0x00000000d9380000,0x00000000d9380000,0x00000000d9880000)
  to   space 5120K, 0% used [0x00000000d8e80000,0x00000000d8e80000,0x00000000d9380000)
 ParOldGen       total 84992K, used 0K [0x0000000084e00000, 0x000000008a100000, 0x00000000d6f80000)
  object space 84992K, 0% used [0x0000000084e00000,0x0000000084e00000,0x000000008a100000)
 Metaspace       used 10545K, capacity 10728K, committed 10752K, reserved 1058816K
  class space    used 1250K, capacity 1270K, committed 1280K, reserved 1048576K
Event: 1,267 GC heap after
Heap after GC invocations=1 (full 0):
 PSYoungGen      total 36864K, used 5100K [0x00000000d6f80000, 0x00000000db780000, 0x0000000100000000)
  eden space 31744K, 0% used [0x00000000d6f80000,0x00000000d6f80000,0x00000000d8e80000)
  from space 5120K, 99% used [0x00000000d8e80000,0x00000000d937b000,0x00000000d9380000)
  to   space 5120K, 0% used [0x00000000db280000,0x00000000db280000,0x00000000db780000)
 ParOldGen       total 84992K, used 787K [0x0000000084e00000, 0x000000008a100000, 0x00000000d6f80000)
  object space 84992K, 0% used [0x0000000084e00000,0x0000000084ec4f20,0x000000008a100000)
 Metaspace       used 10545K, capacity 10728K, committed 10752K, reserved 1058816K
  class space    used 1250K, capacity 1270K, committed 1280K, reserved 1048576K
}
Event: 2,368 GC heap before
{Heap before GC invocations=2 (full 0):
 PSYoungGen      total 36864K, used 36844K [0x00000000d6f80000, 0x00000000db780000, 0x0000000100000000)
  eden space 31744K, 100% used [0x00000000d6f80000,0x00000000d8e80000,0x00000000d8e80000)
  from space 5120K, 99% used [0x00000000d8e80000,0x00000000d937b000,0x00000000d9380000)
  to   space 5120K, 0% used [0x00000000db280000,0x00000000db280000,0x00000000db780000)
 ParOldGen       total 84992K, used 787K [0x0000000084e00000, 0x000000008a100000, 0x00000000d6f80000)
  object space 84992K, 0% used [0x0000000084e00000,0x0000000084ec4f20,0x000000008a100000)
 Metaspace       used 16243K, capacity 16476K, committed 16896K, reserved 1064960K
  class space    used 2103K, capacity 2178K, committed 2304K, reserved 1048576K
Event: 2,379 GC heap after
Heap after GC invocations=2 (full 0):
 PSYoungGen      total 68608K, used 5099K [0x00000000d6f80000, 0x00000000db780000, 0x0000000100000000)
  eden space 63488K, 0% used [0x00000000d6f80000,0x00000000d6f80000,0x00000000dad80000)
  from space 5120K, 99% used [0x00000000db280000,0x00000000db77ac18,0x00000000db780000)
  to   space 5120K, 0% used [0x00000000dad80000,0x00000000dad80000,0x00000000db280000)
 ParOldGen       total 84992K, used 3349K [0x0000000084e00000, 0x000000008a100000, 0x00000000d6f80000)
  object space 84992K, 3% used [0x0000000084e00000,0x0000000085145688,0x000000008a100000)
 Metaspace       used 16243K, capacity 16476K, committed 16896K, reserved 1064960K
  class space    used 2103K, capacity 2178K, committed 2304K, reserved 1048576K
}
Event: 3,368 GC heap before
{Heap before GC invocations=3 (full 0):
 PSYoungGen      total 68608K, used 54570K [0x00000000d6f80000, 0x00000000db780000, 0x0000000100000000)
  eden space 63488K, 77% used [0x00000000d6f80000,0x00000000d9fcfc28,0x00000000dad80000)
  from space 5120K, 99% used [0x00000000db280000,0x00000000db77ac18,0x00000000db780000)
  to   space 5120K, 0% used [0x00000000dad80000,0x00000000dad80000,0x00000000db280000)
 ParOldGen       total 84992K, used 3349K [0x0000000084e00000, 0x000000008a100000, 0x00000000d6f80000)
  object space 84992K, 3% used [0x0000000084e00000,0x0000000085145688,0x000000008a100000)
 Metaspace       used 20934K, capacity 21146K, committed 21248K, reserved 1067008K
  class space    used 2686K, capacity 2775K, committed 2816K, reserved 1048576K
Event: 3,384 GC heap after
Heap after GC invocations=3 (full 0):
 PSYoungGen      total 68608K, used 5089K [0x00000000d6f80000, 0x00000000df580000, 0x0000000100000000)
  eden space 63488K, 0% used [0x00000000d6f80000,0x00000000d6f80000,0x00000000dad80000)
  from space 5120K, 99% used [0x00000000dad80000,0x00000000db278680,0x00000000db280000)
  to   space 5120K, 0% used [0x00000000df080000,0x00000000df080000,0x00000000df580000)
 ParOldGen       total 84992K, used 9270K [0x0000000084e00000, 0x000000008a100000, 0x00000000d6f80000)
  object space 84992K, 10% used [0x0000000084e00000,0x000000008570db88,0x000000008a100000)
 Metaspace       used 20934K, capacity 21146K, committed 21248K, reserved 1067008K
  class space    used 2686K, capacity 2775K, committed 2816K, reserved 1048576K
}
Event: 3,384 GC heap before
{Heap before GC invocations=4 (full 1):
 PSYoungGen      total 68608K, used 5089K [0x00000000d6f80000, 0x00000000df580000, 0x0000000100000000)
  eden space 63488K, 0% used [0x00000000d6f80000,0x00000000d6f80000,0x00000000dad80000)
  from space 5120K, 99% used [0x00000000dad80000,0x00000000db278680,0x00000000db280000)
  to   space 5120K, 0% used [0x00000000df080000,0x00000000df080000,0x00000000df580000)
 ParOldGen       total 84992K, used 9270K [0x0000000084e00000, 0x000000008a100000, 0x00000000d6f80000)
  object space 84992K, 10% used [0x0000000084e00000,0x000000008570db88,0x000000008a100000)
 Metaspace       used 20934K, capacity 21146K, committed 21248K, reserved 1067008K
  class space    used 2686K, capacity 2775K, committed 2816K, reserved 1048576K
Event: 3,435 GC heap after
Heap after GC invocations=4 (full 1):
 PSYoungGen      total 68608K, used 0K [0x00000000d6f80000, 0x00000000df580000, 0x0000000100000000)
  eden space 63488K, 0% used [0x00000000d6f80000,0x00000000d6f80000,0x00000000dad80000)
  from space 5120K, 0% used [0x00000000dad80000,0x00000000dad80000,0x00000000db280000)
  to   space 5120K, 0% used [0x00000000df080000,0x00000000df080000,0x00000000df580000)
 ParOldGen       total 67072K, used 10839K [0x0000000084e00000, 0x0000000088f80000, 0x00000000d6f80000)
  object space 67072K, 16% used [0x0000000084e00000,0x0000000085895f98,0x0000000088f80000)
 Metaspace       used 20934K, capacity 21146K, committed 21248K, reserved 1067008K
  class space    used 2686K, capacity 2775K, committed 2816K, reserved 1048576K
}
Event: 4,220 GC heap before
{Heap before GC invocations=5 (full 1):
 PSYoungGen      total 68608K, used 63488K [0x00000000d6f80000, 0x00000000df580000, 0x0000000100000000)
  eden space 63488K, 100% used [0x00000000d6f80000,0x00000000dad80000,0x00000000dad80000)
  from space 5120K, 0% used [0x00000000dad80000,0x00000000dad80000,0x00000000db280000)
  to   space 5120K, 0% used [0x00000000df080000,0x00000000df080000,0x00000000df580000)
 ParOldGen       total 67072K, used 10839K [0x0000000084e00000, 0x0000000088f80000, 0x00000000d6f80000)
  object space 67072K, 16% used [0x0000000084e00000,0x0000000085895f98,0x0000000088f80000)
 Metaspace       used 27270K, capacity 27554K, committed 27904K, reserved 1073152K
  class space    used 3475K, capacity 3555K, committed 3584K, reserved 1048576K
Event: 4,234 GC heap after
Heap after GC invocations=5 (full 1):
 PSYoungGen      total 98816K, used 5102K [0x00000000d6f80000, 0x00000000df580000, 0x0000000100000000)
  eden space 93696K, 0% used [0x00000000d6f80000,0x00000000d6f80000,0x00000000dcb00000)
  from space 5120K, 99% used [0x00000000df080000,0x00000000df57b938,0x00000000df580000)
  to   space 5120K, 0% used [0x00000000deb80000,0x00000000deb80000,0x00000000df080000)
 ParOldGen       total 67072K, used 14610K [0x0000000084e00000, 0x0000000088f80000, 0x00000000d6f80000)
  object space 67072K, 21% used [0x0000000084e00000,0x0000000085c44bc0,0x0000000088f80000)
 Metaspace       used 27270K, capacity 27554K, committed 27904K, reserved 1073152K
  class space    used 3475K, capacity 3555K, committed 3584K, reserved 1048576K
}

Deoptimization events (10 events):
Event: 4,402 Thread 0x00007f8e6000f800 Uncommon trap: reason=class_check action=maybe_recompile pc=0x00007f8e517bd364 method=java.util.TreeMap.put(Ljava/lang/Object;Ljava/lang/Object;)Ljava/lang/Object; @ 127
Event: 4,402 Thread 0x00007f8e6000f800 Uncommon trap: reason=class_check action=maybe_recompile pc=0x00007f8e517962f0 method=java.util.TreeMap.getEntry(Ljava/lang/Object;)Ljava/util/TreeMap$Entry; @ 26
Event: 4,402 Thread 0x00007f8e6000f800 Uncommon trap: reason=class_check action=maybe_recompile pc=0x00007f8e517bd364 method=java.util.TreeMap.put(Ljava/lang/Object;Ljava/lang/Object;)Ljava/lang/Object; @ 127
Event: 4,402 Thread 0x00007f8e6000f800 Uncommon trap: reason=class_check action=maybe_recompile pc=0x00007f8e517962f0 method=java.util.TreeMap.getEntry(Ljava/lang/Object;)Ljava/util/TreeMap$Entry; @ 26
Event: 4,402 Thread 0x00007f8e6000f800 Uncommon trap: reason=class_check action=maybe_recompile pc=0x00007f8e517bd364 method=java.util.TreeMap.put(Ljava/lang/Object;Ljava/lang/Object;)Ljava/lang/Object; @ 127
Event: 4,402 Thread 0x00007f8e6000f800 Uncommon trap: reason=class_check action=maybe_recompile pc=0x00007f8e51760438 method=java.util.TreeMap.getEntry(Ljava/lang/Object;)Ljava/util/TreeMap$Entry; @ 26
Event: 4,402 Thread 0x00007f8e6000f800 Uncommon trap: reason=class_check action=maybe_recompile pc=0x00007f8e517bd364 method=java.util.TreeMap.put(Ljava/lang/Object;Ljava/lang/Object;)Ljava/lang/Object; @ 127
Event: 4,520 Thread 0x00007f8e6000f800 Uncommon trap: reason=bimorphic action=maybe_recompile pc=0x00007f8e516b0514 method=java.net.URL.<init>(Ljava/net/URL;Ljava/lang/String;Ljava/net/URLStreamHandler;)V @ 504
Event: 4,521 Thread 0x00007f8e6000f800 Uncommon trap: reason=bimorphic action=maybe_recompile pc=0x00007f8e516b0514 method=java.net.URL.<init>(Ljava/net/URL;Ljava/lang/String;Ljava/net/URLStreamHandler;)V @ 504
Event: 4,531 Thread 0x00007f8e6000f800 Uncommon trap: reason=bimorphic action=maybe_recompile pc=0x00007f8e516b0514 method=java.net.URL.<init>(Ljava/net/URL;Ljava/lang/String;Ljava/net/URLStreamHandler;)V @ 504

Internal exceptions (10 events):
Event: 4,291 Thread 0x00007f8e6000f800 Exception <a 'java/lang/ClassNotFoundException': org/apache/camel/support/LanguageSupportCustomizer> (0x00000000d7062070) thrown at [/RE-WORK/workspace/8-2-build-linux-amd64/jdk8u45/3457/hotspot/src/share/vm/classfile/systemDictionary.cpp, line 210]
Event: 4,292 Thread 0x00007f8e6000f800 Exception <a 'java/lang/ClassNotFoundException': org/apache/camel/language/simple/SimpleLanguageCustomizer> (0x00000000d707acd0) thrown at [/RE-WORK/workspace/8-2-build-linux-amd64/jdk8u45/3457/hotspot/src/share/vm/classfile/systemDictionary.cpp, line 210
Event: 4,345 Thread 0x00007f8e6000f800 Exception <a 'java/lang/ClassNotFoundException': org/apache/camel/component/bean/BeanComponentBeanInfo> (0x00000000d7220270) thrown at [/RE-WORK/workspace/8-2-build-linux-amd64/jdk8u45/3457/hotspot/src/share/vm/classfile/systemDictionary.cpp, line 210]
Event: 4,346 Thread 0x00007f8e6000f800 Exception <a 'java/lang/ClassNotFoundException': org/apache/camel/impl/UriEndpointComponentBeanInfo> (0x00000000d72328a8) thrown at [/RE-WORK/workspace/8-2-build-linux-amd64/jdk8u45/3457/hotspot/src/share/vm/classfile/systemDictionary.cpp, line 210]
Event: 4,347 Thread 0x00007f8e6000f800 Exception <a 'java/lang/ClassNotFoundException': org/apache/camel/impl/DefaultComponentBeanInfo> (0x00000000d72448a0) thrown at [/RE-WORK/workspace/8-2-build-linux-amd64/jdk8u45/3457/hotspot/src/share/vm/classfile/systemDictionary.cpp, line 210]
Event: 4,348 Thread 0x00007f8e6000f800 Exception <a 'java/lang/ClassNotFoundException': org/apache/camel/support/ServiceSupportBeanInfo> (0x00000000d7256f40) thrown at [/RE-WORK/workspace/8-2-build-linux-amd64/jdk8u45/3457/hotspot/src/share/vm/classfile/systemDictionary.cpp, line 210]
Event: 4,348 Thread 0x00007f8e6000f800 Exception <a 'java/lang/ClassNotFoundException': org/apache/camel/support/ServiceSupportCustomizer> (0x00000000d7269b18) thrown at [/RE-WORK/workspace/8-2-build-linux-amd64/jdk8u45/3457/hotspot/src/share/vm/classfile/systemDictionary.cpp, line 210]
Event: 4,350 Thread 0x00007f8e6000f800 Exception <a 'java/lang/ClassNotFoundException': org/apache/camel/impl/DefaultComponentCustomizer> (0x00000000d7286e08) thrown at [/RE-WORK/workspace/8-2-build-linux-amd64/jdk8u45/3457/hotspot/src/share/vm/classfile/systemDictionary.cpp, line 210]
Event: 4,352 Thread 0x00007f8e6000f800 Exception <a 'java/lang/ClassNotFoundException': org/apache/camel/impl/UriEndpointComponentCustomizer> (0x00000000d72b6ab8) thrown at [/RE-WORK/workspace/8-2-build-linux-amd64/jdk8u45/3457/hotspot/src/share/vm/classfile/systemDictionary.cpp, line 210]
Event: 4,353 Thread 0x00007f8e6000f800 Exception <a 'java/lang/ClassNotFoundException': org/apache/camel/component/bean/BeanComponentCustomizer> (0x00000000d72dade0) thrown at [/RE-WORK/workspace/8-2-build-linux-amd64/jdk8u45/3457/hotspot/src/share/vm/classfile/systemDictionary.cpp, line 210]

Events (10 events):
Event: 4,573 Thread 0x00007f8e6000f800 DEOPT PACKING pc=0x00007f8e5146f714 sp=0x00007f8e6943d690
Event: 4,573 Thread 0x00007f8e6000f800 DEOPT UNPACKING pc=0x00007f8e51047633 sp=0x00007f8e6943d468 mode 1
Event: 4,573 Thread 0x00007f8e6000f800 DEOPT PACKING pc=0x00007f8e514ee05c sp=0x00007f8e6943d690
Event: 4,573 Thread 0x00007f8e6000f800 DEOPT UNPACKING pc=0x00007f8e51047633 sp=0x00007f8e6943d468 mode 1
Event: 4,574 loading class javax/ws/rs/core/HttpHeaders
Event: 4,574 loading class javax/ws/rs/core/HttpHeaders done
Event: 4,575 loading class javax/ws/rs/ext/ContextResolver
Event: 4,575 loading class javax/ws/rs/ext/ContextResolver done
Event: 4,575 loading class javax/ws/rs/ext/WriterInterceptor
Event: 4,575 loading class javax/ws/rs/ext/WriterInterceptor done


Dynamic libraries:
00400000-00401000 r-xp 00000000 08:05 74037                              /usr/lib/jvm/jdk1.8.0_45/bin/java
00600000-00601000 rw-p 00000000 08:05 74037                              /usr/lib/jvm/jdk1.8.0_45/bin/java
00642000-00663000 rw-p 00000000 00:00 0                                  [heap]
84e00000-88f80000 rw-p 00000000 00:00 0 
88f80000-d6f80000 ---p 00000000 00:00 0 
d6f80000-df580000 rw-p 00000000 00:00 0 
df580000-100000000 ---p 00000000 00:00 0 
100000000-1003c0000 rw-p 00000000 00:00 0 
1003c0000-140000000 ---p 00000000 00:00 0 
7f8e00000000-7f8e00021000 rw-p 00000000 00:00 0 
7f8e00021000-7f8e04000000 ---p 00000000 00:00 0 
7f8e08000000-7f8e08021000 rw-p 00000000 00:00 0 
7f8e08021000-7f8e0c000000 ---p 00000000 00:00 0 
7f8e0c000000-7f8e0c021000 rw-p 00000000 00:00 0 
7f8e0c021000-7f8e10000000 ---p 00000000 00:00 0 
7f8e10000000-7f8e10b2f000 rw-p 00000000 00:00 0 
7f8e10b2f000-7f8e14000000 ---p 00000000 00:00 0 
7f8e14000000-7f8e14b8e000 rw-p 00000000 00:00 0 
7f8e14b8e000-7f8e18000000 ---p 00000000 00:00 0 
7f8e18000000-7f8e18021000 rw-p 00000000 00:00 0 
7f8e18021000-7f8e1c000000 ---p 00000000 00:00 0 
7f8e1c000000-7f8e1d9be000 rw-p 00000000 00:00 0 
7f8e1d9be000-7f8e20000000 ---p 00000000 00:00 0 
7f8e20000000-7f8e2005a000 rw-p 00000000 00:00 0 
7f8e2005a000-7f8e24000000 ---p 00000000 00:00 0 
7f8e24000000-7f8e24021000 rw-p 00000000 00:00 0 
7f8e24021000-7f8e28000000 ---p 00000000 00:00 0 
7f8e28000000-7f8e28021000 rw-p 00000000 00:00 0 
7f8e28021000-7f8e2c000000 ---p 00000000 00:00 0 
7f8e2c000000-7f8e2c021000 rw-p 00000000 00:00 0 
7f8e2c021000-7f8e30000000 ---p 00000000 00:00 0 
7f8e3132d000-7f8e313ad000 rw-p 00000000 00:00 0 
7f8e313ad000-7f8e3152d000 ---p 00000000 00:00 0 
7f8e3152d000-7f8e31a3d000 rw-p 00000000 00:00 0 
7f8e31a3d000-7f8e31a4e000 r-xp 00000000 08:05 73860                      /usr/lib/jvm/jdk1.8.0_45/jre/lib/amd64/libnio.so
7f8e31a4e000-7f8e31c4d000 ---p 00011000 08:05 73860                      /usr/lib/jvm/jdk1.8.0_45/jre/lib/amd64/libnio.so
7f8e31c4d000-7f8e31c4e000 rw-p 00010000 08:05 73860                      /usr/lib/jvm/jdk1.8.0_45/jre/lib/amd64/libnio.so
7f8e31c4e000-7f8e31c56000 r-xp 00000000 08:05 73873                      /usr/lib/jvm/jdk1.8.0_45/jre/lib/amd64/libmanagement.so
7f8e31c56000-7f8e31e56000 ---p 00008000 08:05 73873                      /usr/lib/jvm/jdk1.8.0_45/jre/lib/amd64/libmanagement.so
7f8e31e56000-7f8e31e57000 rw-p 00008000 08:05 73873                      /usr/lib/jvm/jdk1.8.0_45/jre/lib/amd64/libmanagement.so
7f8e31e57000-7f8e32057000 rw-p 00000000 00:00 0 
7f8e32057000-7f8e32257000 rw-p 00000000 00:00 0 
7f8e32257000-7f8e32457000 rw-p 00000000 00:00 0 
7f8e32457000-7f8e32657000 rw-p 00000000 00:00 0 
7f8e32657000-7f8e32857000 rw-p 00000000 00:00 0 
7f8e32857000-7f8e3286d000 r-xp 00000000 08:05 260716                     /lib/x86_64-linux-gnu/libgcc_s.so.1
7f8e3286d000-7f8e32a6c000 ---p 00016000 08:05 260716                     /lib/x86_64-linux-gnu/libgcc_s.so.1
7f8e32a6c000-7f8e32a6d000 rw-p 00015000 08:05 260716                     /lib/x86_64-linux-gnu/libgcc_s.so.1
7f8e32a7c000-7f8e32a7e000 rw-p 00000000 00:00 0 
7f8e32a7e000-7f8e32a83000 r--s 0003f000 08:05 73944                      /usr/lib/jvm/jdk1.8.0_45/jre/lib/ext/sunjce_provider.jar
7f8e32a83000-7f8e32ab5000 r-xp 00000000 08:05 73895                      /usr/lib/jvm/jdk1.8.0_45/jre/lib/amd64/libsunec.so
7f8e32ab5000-7f8e32cb4000 ---p 00032000 08:05 73895                      /usr/lib/jvm/jdk1.8.0_45/jre/lib/amd64/libsunec.so
7f8e32cb4000-7f8e32cba000 rw-p 00031000 08:05 73895                      /usr/lib/jvm/jdk1.8.0_45/jre/lib/amd64/libsunec.so
7f8e32cba000-7f8e32cca000 rw-p 00000000 00:00 0 
7f8e32cca000-7f8e32ccd000 r--s 0003a000 08:05 73947                      /usr/lib/jvm/jdk1.8.0_45/jre/lib/ext/sunpkcs11.jar
7f8e32ccd000-7f8e32cce000 r--s 00009000 08:05 73942                      /usr/lib/jvm/jdk1.8.0_45/jre/lib/ext/sunec.jar
7f8e32cce000-7f8e32cd1000 r--s 0001a000 08:05 73974                      /usr/lib/jvm/jdk1.8.0_45/jre/lib/jce.jar
7f8e32cd1000-7f8e32cd6000 r--s 00094000 08:05 73837                      /usr/lib/jvm/jdk1.8.0_45/jre/lib/jsse.jar
7f8e32cd6000-7f8e32cd9000 ---p 00000000 00:00 0 
7f8e32cd9000-7f8e32fd7000 rw-p 00000000 00:00 0                          [stack:13990]
7f8e32fd7000-7f8e331d7000 rw-p 00000000 00:00 0 
7f8e331d7000-7f8e331f3000 r--s 00393000 08:05 73945                      /usr/lib/jvm/jdk1.8.0_45/jre/lib/ext/cldrdata.jar
7f8e331f3000-7f8e331fe000 r--s 00116000 08:05 73943                      /usr/lib/jvm/jdk1.8.0_45/jre/lib/ext/localedata.jar
7f8e331fe000-7f8e33214000 r-xp 00000000 08:05 73886                      /usr/lib/jvm/jdk1.8.0_45/jre/lib/amd64/libnet.so
7f8e33214000-7f8e33414000 ---p 00016000 08:05 73886                      /usr/lib/jvm/jdk1.8.0_45/jre/lib/amd64/libnet.so
7f8e33414000-7f8e33415000 rw-p 00016000 08:05 73886                      /usr/lib/jvm/jdk1.8.0_45/jre/lib/amd64/libnet.so
7f8e33415000-7f8e3341c000 r--s 00000000 08:05 4103                       /usr/lib/x86_64-linux-gnu/gconv/gconv-modules.cache
7f8e3341c000-7f8e33442000 r--p 00000000 08:05 144631                     /usr/share/locale-langpack/fr/LC_MESSAGES/libc.mo
7f8e33442000-7f8e33444000 r--s 00016000 08:06 3545111                    /home/armel/idea-IU-141.1532.4/lib/idea_rt.jar
7f8e33444000-7f8e33448000 r--s 00018000 08:06 1446343                    /home/armel/.m2/repository/javax/ws/rs/javax.ws.rs-api/2.0/javax.ws.rs-api-2.0.jar
7f8e33448000-7f8e3344c000 r--s 0002d000 08:06 1840299                    /home/armel/.m2/repository/com/fasterxml/jackson/core/jackson-core/2.3.0/jackson-core-2.3.0.jar
7f8e3344c000-7f8e3344d000 r--s 00005000 08:06 2233346                    /home/armel/.m2/repository/com/fasterxml/jackson/jaxrs/jackson-jaxrs-base/2.3.0/jackson-jaxrs-base-2.3.0.jar
7f8e3344d000-7f8e3344e000 r--s 00003000 08:06 2102960                    /home/armel/.m2/repository/com/fasterxml/jackson/jaxrs/jackson-jaxrs-json-provider/2.3.0/jackson-jaxrs-json-provider-2.3.0.jar
7f8e3344e000-7f8e33451000 r--s 00015000 08:06 4064993                    /home/armel/.m2/repository/org/apache/geronimo/specs/geronimo-servlet_3.0_spec/1.0/geronimo-servlet_3.0_spec-1.0.jar
7f8e33451000-7f8e33453000 r--s 00014000 08:06 3936139                    /home/armel/.m2/repository/org/eclipse/jetty/jetty-security/8.1.15.v20140411/jetty-security-8.1.15.v20140411.jar
7f8e33453000-7f8e33458000 r--s 00042000 08:06 3806236                    /home/armel/.m2/repository/org/eclipse/jetty/jetty-util/8.1.15.v20140411/jetty-util-8.1.15.v20140411.jar
7f8e33458000-7f8e3345a000 r--s 00018000 08:06 3676508                    /home/armel/.m2/repository/org/eclipse/jetty/jetty-io/8.1.15.v20140411/jetty-io-8.1.15.v20140411.jar
7f8e3345a000-7f8e3345c000 r--s 00016000 08:06 3676507                    /home/armel/.m2/repository/org/eclipse/jetty/jetty-http/8.1.15.v20140411/jetty-http-8.1.15.v20140411.jar
7f8e3345c000-7f8e3345e000 r--s 00004000 08:06 3545697                    /home/armel/.m2/repository/org/eclipse/jetty/jetty-continuation/8.1.15.v20140411/jetty-continuation-8.1.15.v20140411.jar
7f8e3345e000-7f8e33463000 r--s 00053000 08:06 3020096                    /home/armel/.m2/repository/org/eclipse/jetty/jetty-server/8.1.15.v20140411/jetty-server-8.1.15.v20140411.jar
7f8e33463000-7f8e33466000 r--s 00015000 08:06 3413666                    /home/armel/.m2/repository/org/apache/cxf/cxf-rt-transports-http-jetty/3.0.1/cxf-rt-transports-http-jetty-3.0.1.jar
7f8e33466000-7f8e3346b000 r--s 00039000 08:06 1182344                    /home/armel/.m2/repository/org/apache/cxf/cxf-rt-transports-http/3.0.1/cxf-rt-transports-http-3.0.1.jar
7f8e3346b000-7f8e3346d000 r--s 00005000 08:06 1840153                    /home/armel/.m2/repository/javax/annotation/javax.annotation-api/1.2/javax.annotation-api-1.2.jar
7f8e3346d000-7f8e33474000 r--s 00085000 08:06 1446342                    /home/armel/.m2/repository/org/apache/cxf/cxf-rt-frontend-jaxrs/3.0.1/cxf-rt-frontend-jaxrs-3.0.1.jar
7f8e33474000-7f8e33476000 r--s 00010000 08:06 2494955                    /home/armel/.m2/repository/org/apache/neethi/neethi/3.0.3/neethi-3.0.3.jar
7f8e33476000-7f8e3347a000 r--s 00030000 08:06 1578600                    /home/armel/.m2/repository/org/apache/cxf/cxf-rt-ws-policy/3.0.1/cxf-rt-ws-policy-3.0.1.jar
7f8e3347a000-7f8e3347c000 r--s 00011000 08:06 1446351                    /home/armel/.m2/repository/org/apache/cxf/cxf-rt-ws-addr/3.0.1/cxf-rt-ws-addr-3.0.1.jar
7f8e3347c000-7f8e3347f000 r--s 00016000 08:06 1446350                    /home/armel/.m2/repository/org/apache/cxf/cxf-rt-frontend-simple/3.0.1/cxf-rt-frontend-simple-3.0.1.jar
7f8e3347f000-7f8e33481000 r--s 00008000 08:06 1446348                    /home/armel/.m2/repository/org/apache/cxf/cxf-rt-bindings-xml/3.0.1/cxf-rt-bindings-xml-3.0.1.jar
7f8e33481000-7f8e33486000 r--s 00024000 08:06 2494952                    /home/armel/.m2/repository/org/apache/ws/xmlschema/xmlschema-core/2.1.0/xmlschema-core-2.1.0.jar
7f8e33486000-7f8e3348a000 r--s 00024000 08:06 1578598                    /home/armel/.m2/repository/org/codehaus/woodstox/stax2-api/3.1.4/stax2-api-3.1.4.jar
7f8e3348a000-7f8e33490000 r--s 00071000 08:06 2888715                    /home/armel/.m2/repository/org/codehaus/woodstox/woodstox-core-asl/4.4.0/woodstox-core-asl-4.4.0.jar
7f8e33490000-7f8e334a7000 r--s 00128000 08:06 3150955                    /home/armel/.m2/repository/org/apache/cxf/cxf-core/3.0.1/cxf-core-3.0.1.jar
7f8e334a7000-7f8e334a8000 r--s 0000a000 08:06 2494011                    /home/armel/.m2/repository/asm/asm/3.3.1/asm-3.3.1.jar
7f8e334a8000-7f8e334aa000 r--s 00013000 08:06 793490                     /home/armel/.m2/repository/xml-resolver/xml-resolver/1.2/xml-resolver-1.2.jar
7f8e334aa000-7f8e334af000 r--s 0004f000 08:06 1315771                    /home/armel/.m2/repository/org/apache/cxf/cxf-rt-frontend-jaxws/3.0.1/cxf-rt-frontend-jaxws-3.0.1.jar
7f8e334af000-7f8e334b1000 r--s 00003000 08:06 3281887                    /home/armel/.m2/repository/org/apache/geronimo/specs/geronimo-j2ee-management_1.1_spec/1.0.1/geronimo-j2ee-management_1.1_spec-1.0.1.jar
7f8e334b1000-7f8e334b3000 r--s 0000b000 08:06 3281884                    /home/armel/.m2/repository/org/fusesource/hawtbuf/hawtbuf/1.10/hawtbuf-1.10.jar
7f8e334b3000-7f8e334b5000 r--s 00006000 08:06 1444931                    /home/armel/.m2/repository/org/apache/geronimo/specs/geronimo-jms_1.1_spec/1.1.1/geronimo-jms_1.1_spec-1.1.1.jar
7f8e334b5000-7f8e334ca000 r--s 0010b000 08:06 2626364                    /home/armel/.m2/repository/org/apache/activemq/activemq-client/5.10.0/activemq-client-5.10.0.jar
7f8e334ca000-7f8e334cb000 r--s 00007000 08:06 2627169                    /home/armel/.m2/repository/com/fasterxml/jackson/module/jackson-module-jaxb-annotations/2.4.1/jackson-module-jaxb-annotations-2.4.1.jar
7f8e334cb000-7f8e334ce000 r--s 00007000 08:06 2495542                    /home/armel/.m2/repository/com/fasterxml/jackson/core/jackson-annotations/2.4.0/jackson-annotations-2.4.0.jar
7f8e334ce000-7f8e334df000 r--s 000f6000 08:06 2495543                    /home/armel/.m2/repository/com/fasterxml/jackson/core/jackson-databind/2.4.1/jackson-databind-2.4.1.jar
7f8e334df000-7f8e334e0000 r--s 00004000 08:06 922218                     /home/armel/.m2/repository/org/apache/camel/camel-jackson/2.14.0/camel-jackson-2.14.0.jar
7f8e334e0000-7f8e334e2000 r--s 00017000 08:06 3806234                    /home/armel/.m2/repository/org/apache/cxf/cxf-rt-databinding-jaxb/3.0.1/cxf-rt-databinding-jaxb-3.0.1.jar
7f8e334e2000-7f8e334e6000 r--s 0002a000 08:06 793487                     /home/armel/.m2/repository/wsdl4j/wsdl4j/1.6.3/wsdl4j-1.6.3.jar
7f8e334e6000-7f8e334e8000 r--s 00028000 08:06 3282234                    /home/armel/.m2/repository/org/apache/cxf/cxf-rt-wsdl/3.0.1/cxf-rt-wsdl-3.0.1.jar
7f8e334e8000-7f8e334ec000 r--s 00026000 08:06 1446345                    /home/armel/.m2/repository/org/apache/cxf/cxf-rt-bindings-soap/3.0.1/cxf-rt-bindings-soap-3.0.1.jar
7f8e334ec000-7f8e334ed000 r--s 00008000 08:06 1578595                    /home/armel/.m2/repository/org/apache/cxf/cxf-rt-features-clustering/3.0.1/cxf-rt-features-clustering-3.0.1.jar
7f8e334ed000-7f8e334ee000 r--s 0000a000 08:06 921904                     /home/armel/.m2/repository/net/oauth/core/oauth/20100527/oauth-20100527.jar
7f8e334ee000-7f8e334f0000 r--s 0001f000 08:06 3282233                    /home/armel/.m2/repository/org/apache/cxf/cxf-rt-rs-client/3.0.1/cxf-rt-rs-client-3.0.1.jar
7f8e334f0000-7f8e334f3000 r--s 0000e000 08:06 1578594                    /home/armel/.m2/repository/org/apache/cxf/cxf-rt-rs-security-oauth/3.0.1/cxf-rt-rs-security-oauth-3.0.1.jar
7f8e334f3000-7f8e334f4000 ---p 00000000 00:00 0 
7f8e334f4000-7f8e335f4000 rw-p 00000000 00:00 0                          [stack:13985]
7f8e335f4000-7f8e335f7000 ---p 00000000 00:00 0 
7f8e335f7000-7f8e336f5000 rw-p 00000000 00:00 0                          [stack:13984]
7f8e336f5000-7f8e336f8000 ---p 00000000 00:00 0 
7f8e336f8000-7f8e337f6000 rw-p 00000000 00:00 0                          [stack:13983]
7f8e337f6000-7f8e337f9000 ---p 00000000 00:00 0 
7f8e337f9000-7f8e338f7000 rw-p 00000000 00:00 0                          [stack:13982]
7f8e338f7000-7f8e338fa000 ---p 00000000 00:00 0 
7f8e338fa000-7f8e339f8000 rw-p 00000000 00:00 0                          [stack:13981]
7f8e339f8000-7f8e339fb000 ---p 00000000 00:00 0 
7f8e339fb000-7f8e33af9000 rw-p 00000000 00:00 0                          [stack:13980]
7f8e33af9000-7f8e33afc000 ---p 00000000 00:00 0 
7f8e33afc000-7f8e33bfa000 rw-p 00000000 00:00 0                          [stack:13979]
7f8e33bfa000-7f8e33bfd000 ---p 00000000 00:00 0 
7f8e33bfd000-7f8e33cfb000 rw-p 00000000 00:00 0                          [stack:13978]
7f8e33cfb000-7f8e33cff000 r-xp 00000000 08:05 73883                      /usr/lib/jvm/jdk1.8.0_45/jre/lib/amd64/libdt_socket.so
7f8e33cff000-7f8e33efe000 ---p 00004000 08:05 73883                      /usr/lib/jvm/jdk1.8.0_45/jre/lib/amd64/libdt_socket.so
7f8e33efe000-7f8e33eff000 rw-p 00003000 08:05 73883                      /usr/lib/jvm/jdk1.8.0_45/jre/lib/amd64/libdt_socket.so
7f8e33eff000-7f8e33f02000 ---p 00000000 00:00 0 
7f8e33f02000-7f8e34000000 rw-p 00000000 00:00 0                          [stack:13975]
7f8e34000000-7f8e34021000 rw-p 00000000 00:00 0 
7f8e34021000-7f8e38000000 ---p 00000000 00:00 0 
7f8e38000000-7f8e38021000 rw-p 00000000 00:00 0 
7f8e38021000-7f8e3c000000 ---p 00000000 00:00 0 
7f8e3c000000-7f8e3c021000 rw-p 00000000 00:00 0 
7f8e3c021000-7f8e40000000 ---p 00000000 00:00 0 
7f8e40000000-7f8e40021000 rw-p 00000000 00:00 0 
7f8e40021000-7f8e44000000 ---p 00000000 00:00 0 
7f8e44000000-7f8e44021000 rw-p 00000000 00:00 0 
7f8e44021000-7f8e48000000 ---p 00000000 00:00 0 
7f8e48000000-7f8e48001000 r--s 00002000 08:06 793493                     /home/armel/.m2/repository/net/oauth/core/oauth-provider/20100527/oauth-provider-20100527.jar
7f8e48001000-7f8e48004000 r--s 0000e000 08:06 2233284                    /home/armel/.m2/repository/org/apache/camel/camel-cxf-transport/2.14.0/camel-cxf-transport-2.14.0.jar
7f8e48004000-7f8e48008000 r--s 00030000 08:06 2233283                    /home/armel/.m2/repository/org/apache/camel/camel-cxf/2.14.0/camel-cxf-2.14.0.jar
7f8e48008000-7f8e48011000 r--s 00051000 08:06 2494918                    /home/armel/.m2/repository/ch/qos/logback/logback-core/1.0.9/logback-core-1.0.9.jar
7f8e48011000-7f8e48016000 r--s 00039000 08:06 2233009                    /home/armel/.m2/repository/ch/qos/logback/logback-classic/1.0.9/logback-classic-1.0.9.jar
7f8e48016000-7f8e4801a000 r--s 0002c000 08:06 1445729                    /home/armel/.m2/repository/org/springframework/spring-expression/3.2.11.RELEASE/spring-expression-3.2.11.RELEASE.jar
7f8e4801a000-7f8e4801c000 r--s 0000e000 08:06 1839737                    /home/armel/.m2/repository/commons-logging/commons-logging/1.1.3/commons-logging-1.1.3.jar
7f8e4801c000-7f8e4802f000 r--s 000c6000 08:06 1445726                    /home/armel/.m2/repository/org/springframework/spring-core/3.2.11.RELEASE/spring-core-3.2.11.RELEASE.jar
7f8e4802f000-7f8e4803b000 r--s 0008a000 08:06 1315164                    /home/armel/.m2/repository/org/springframework/spring-beans/3.2.11.RELEASE/spring-beans-3.2.11.RELEASE.jar
7f8e4803b000-7f8e48050000 r--s 000bf000 08:06 1315161                    /home/armel/.m2/repository/org/springframework/spring-context/3.2.11.RELEASE/spring-context-3.2.11.RELEASE.jar
7f8e48050000-7f8e48052000 r--s 00007000 08:06 2233271                    /home/armel/.m2/repository/org/apache/camel/camel-jaxb/2.14.0/camel-jaxb-2.14.0.jar
7f8e48052000-7f8e4805a000 r--s 00034000 08:06 1445732                    /home/armel/.m2/repository/org/springframework/spring-tx/3.2.11.RELEASE/spring-tx-3.2.11.RELEASE.jar
7f8e4805a000-7f8e48063000 r--s 0004a000 08:06 1315167                    /home/armel/.m2/repository/org/springframework/spring-aop/3.2.11.RELEASE/spring-aop-3.2.11.RELEASE.jar
7f8e48063000-7f8e48069000 r--s 00039000 08:06 659450                     /home/armel/.m2/repository/org/apache/camel/camel-spring/2.14.0/camel-spring-2.14.0.jar
7f8e48069000-7f8e4806e000 r--s 00043000 08:06 3019577                    /home/armel/.m2/repository/com/sun/xml/fastinfoset/FastInfoset/1.2.12/FastInfoset-1.2.12.jar
7f8e4806e000-7f8e48071000 ---p 00000000 00:00 0 
7f8e48071000-7f8e4816f000 rw-p 00000000 00:00 0                          [stack:13968]
7f8e4816f000-7f8e48172000 ---p 00000000 00:00 0 
7f8e48172000-7f8e4c000000 rw-p 00000000 00:00 0                          [stack:13967]
7f8e4c000000-7f8e4c021000 rw-p 00000000 00:00 0 
7f8e4c021000-7f8e50000000 ---p 00000000 00:00 0 
7f8e50000000-7f8e50002000 r--s 00000000 08:06 2100832                    /home/armel/.m2/repository/aopalliance/aopalliance/1.0/aopalliance-1.0.jar
7f8e50002000-7f8e50006000 r--s 00015000 08:06 921734                     /home/armel/.m2/repository/javax/xml/bind/jaxb-api/2.2.7/jaxb-api-2.2.7.jar
7f8e50006000-7f8e5000c000 r--s 00031000 08:06 2888218                    /home/armel/.m2/repository/com/sun/xml/bind/jaxb-core/2.2.7/jaxb-core-2.2.7.jar
7f8e5000c000-7f8e5001d000 r--s 000d0000 08:06 2757539                    /home/armel/.m2/repository/com/sun/xml/bind/jaxb-impl/2.2.7/jaxb-impl-2.2.7.jar
7f8e5001d000-7f8e5004f000 r--s 00276000 08:06 659447                     /home/armel/.m2/repository/org/apache/camel/camel-core/2.14.0/camel-core-2.14.0.jar
7f8e5004f000-7f8e50062000 r--s 00344000 08:05 73833                      /usr/lib/jvm/jdk1.8.0_45/jre/lib/resources.jar
7f8e50062000-7f8e50067000 r--s 00094000 08:05 73837                      /usr/lib/jvm/jdk1.8.0_45/jre/lib/jsse.jar
7f8e50067000-7f8e5006a000 r--s 0001a000 08:05 73974                      /usr/lib/jvm/jdk1.8.0_45/jre/lib/jce.jar
7f8e5006a000-7f8e50074000 r--s 00069000 08:05 73834                      /usr/lib/jvm/jdk1.8.0_45/jre/lib/javaws.jar
7f8e50074000-7f8e5008e000 r--s 001f3000 08:05 73832                      /usr/lib/jvm/jdk1.8.0_45/jre/lib/deploy.jar
7f8e5008e000-7f8e5008f000 ---p 00000000 00:00 0 
7f8e5008f000-7f8e51000000 rw-p 00000000 00:00 0                          [stack:13966]
7f8e51000000-7f8e518c0000 rwxp 00000000 00:00 0 
7f8e518c0000-7f8e60000000 ---p 00000000 00:00 0 
7f8e60000000-7f8e6114c000 rw-p 00000000 00:00 0 
7f8e6114c000-7f8e64000000 ---p 00000000 00:00 0 
7f8e64000000-7f8e64002000 r--s 0000b000 08:06 921737                     /home/armel/.m2/repository/javax/xml/bind/jsr173_api/1.0/jsr173_api-1.0.jar
7f8e64002000-7f8e64173000 rw-p 00000000 00:00 0 
7f8e64173000-7f8e6434c000 r--s 03d09000 08:05 73839                      /usr/lib/jvm/jdk1.8.0_45/jre/lib/rt.jar
7f8e6434c000-7f8e64f9b000 rw-p 00000000 00:00 0 
7f8e64f9b000-7f8e64f9c000 ---p 00000000 00:00 0 
7f8e64f9c000-7f8e6509c000 rw-p 00000000 00:00 0                          [stack:13962]
7f8e6509c000-7f8e6509d000 ---p 00000000 00:00 0 
7f8e6509d000-7f8e6519d000 rw-p 00000000 00:00 0                          [stack:13961]
7f8e6519d000-7f8e6519e000 ---p 00000000 00:00 0 
7f8e6519e000-7f8e6529e000 rw-p 00000000 00:00 0                          [stack:13960]
7f8e6529e000-7f8e6529f000 ---p 00000000 00:00 0 
7f8e6529f000-7f8e653c0000 rw-p 00000000 00:00 0                          [stack:13959]
7f8e653c0000-7f8e65630000 ---p 00000000 00:00 0 
7f8e65630000-7f8e65651000 rw-p 00000000 00:00 0 
7f8e65651000-7f8e658c0000 ---p 00000000 00:00 0 
7f8e658c0000-7f8e65904000 rw-p 00000000 00:00 0 
7f8e65904000-7f8e65a09000 ---p 00000000 00:00 0 
7f8e65a09000-7f8e65a2d000 rw-p 00000000 00:00 0 
7f8e65a2d000-7f8e65dca000 ---p 00000000 00:00 0 
7f8e65dca000-7f8e65de4000 r-xp 00000000 08:05 73865                      /usr/lib/jvm/jdk1.8.0_45/jre/lib/amd64/libzip.so
7f8e65de4000-7f8e65fe4000 ---p 0001a000 08:05 73865                      /usr/lib/jvm/jdk1.8.0_45/jre/lib/amd64/libzip.so
7f8e65fe4000-7f8e65fe5000 rw-p 0001a000 08:05 73865                      /usr/lib/jvm/jdk1.8.0_45/jre/lib/amd64/libzip.so
7f8e65fe5000-7f8e65ff0000 r-xp 00000000 08:05 260758                     /lib/x86_64-linux-gnu/libnss_files-2.19.so
7f8e65ff0000-7f8e661ef000 ---p 0000b000 08:05 260758                     /lib/x86_64-linux-gnu/libnss_files-2.19.so
7f8e661ef000-7f8e661f0000 r--p 0000a000 08:05 260758                     /lib/x86_64-linux-gnu/libnss_files-2.19.so
7f8e661f0000-7f8e661f1000 rw-p 0000b000 08:05 260758                     /lib/x86_64-linux-gnu/libnss_files-2.19.so
7f8e661f1000-7f8e661fc000 r-xp 00000000 08:05 260935                     /lib/x86_64-linux-gnu/libnss_nis-2.19.so
7f8e661fc000-7f8e663fb000 ---p 0000b000 08:05 260935                     /lib/x86_64-linux-gnu/libnss_nis-2.19.so
7f8e663fb000-7f8e663fc000 r--p 0000a000 08:05 260935                     /lib/x86_64-linux-gnu/libnss_nis-2.19.so
7f8e663fc000-7f8e663fd000 rw-p 0000b000 08:05 260935                     /lib/x86_64-linux-gnu/libnss_nis-2.19.so
7f8e663fd000-7f8e66414000 r-xp 00000000 08:05 260768                     /lib/x86_64-linux-gnu/libnsl-2.19.so
7f8e66414000-7f8e66613000 ---p 00017000 08:05 260768                     /lib/x86_64-linux-gnu/libnsl-2.19.so
7f8e66613000-7f8e66614000 r--p 00016000 08:05 260768                     /lib/x86_64-linux-gnu/libnsl-2.19.so
7f8e66614000-7f8e66615000 rw-p 00017000 08:05 260768                     /lib/x86_64-linux-gnu/libnsl-2.19.so
7f8e66615000-7f8e66617000 rw-p 00000000 00:00 0 
7f8e66617000-7f8e66620000 r-xp 00000000 08:05 260766                     /lib/x86_64-linux-gnu/libnss_compat-2.19.so
7f8e66620000-7f8e6681f000 ---p 00009000 08:05 260766                     /lib/x86_64-linux-gnu/libnss_compat-2.19.so
7f8e6681f000-7f8e66820000 r--p 00008000 08:05 260766                     /lib/x86_64-linux-gnu/libnss_compat-2.19.so
7f8e66820000-7f8e66821000 rw-p 00009000 08:05 260766                     /lib/x86_64-linux-gnu/libnss_compat-2.19.so
7f8e66821000-7f8e66aef000 r--p 00000000 08:05 163                        /usr/lib/locale/locale-archive
7f8e66aef000-7f8e66af1000 r-xp 00000000 08:05 73881                      /usr/lib/jvm/jdk1.8.0_45/jre/lib/amd64/libnpt.so
7f8e66af1000-7f8e66cf1000 ---p 00002000 08:05 73881                      /usr/lib/jvm/jdk1.8.0_45/jre/lib/amd64/libnpt.so
7f8e66cf1000-7f8e66cf2000 rw-p 00002000 08:05 73881                      /usr/lib/jvm/jdk1.8.0_45/jre/lib/amd64/libnpt.so
7f8e66cf2000-7f8e66d2b000 r-xp 00000000 08:05 73872                      /usr/lib/jvm/jdk1.8.0_45/jre/lib/amd64/libjdwp.so
7f8e66d2b000-7f8e66f2a000 ---p 00039000 08:05 73872                      /usr/lib/jvm/jdk1.8.0_45/jre/lib/amd64/libjdwp.so
7f8e66f2a000-7f8e66f2c000 rw-p 00038000 08:05 73872                      /usr/lib/jvm/jdk1.8.0_45/jre/lib/amd64/libjdwp.so
7f8e66f2c000-7f8e66f56000 r-xp 00000000 08:05 73858                      /usr/lib/jvm/jdk1.8.0_45/jre/lib/amd64/libjava.so
7f8e66f56000-7f8e67156000 ---p 0002a000 08:05 73858                      /usr/lib/jvm/jdk1.8.0_45/jre/lib/amd64/libjava.so
7f8e67156000-7f8e67158000 rw-p 0002a000 08:05 73858                      /usr/lib/jvm/jdk1.8.0_45/jre/lib/amd64/libjava.so
7f8e67158000-7f8e67165000 r-xp 00000000 08:05 73900                      /usr/lib/jvm/jdk1.8.0_45/jre/lib/amd64/libverify.so
7f8e67165000-7f8e67365000 ---p 0000d000 08:05 73900                      /usr/lib/jvm/jdk1.8.0_45/jre/lib/amd64/libverify.so
7f8e67365000-7f8e67367000 rw-p 0000d000 08:05 73900                      /usr/lib/jvm/jdk1.8.0_45/jre/lib/amd64/libverify.so
7f8e67367000-7f8e6736e000 r-xp 00000000 08:05 260863                     /lib/x86_64-linux-gnu/librt-2.19.so
7f8e6736e000-7f8e6756d000 ---p 00007000 08:05 260863                     /lib/x86_64-linux-gnu/librt-2.19.so
7f8e6756d000-7f8e6756e000 r--p 00006000 08:05 260863                     /lib/x86_64-linux-gnu/librt-2.19.so
7f8e6756e000-7f8e6756f000 rw-p 00007000 08:05 260863                     /lib/x86_64-linux-gnu/librt-2.19.so
7f8e6756f000-7f8e67674000 r-xp 00000000 08:05 260757                     /lib/x86_64-linux-gnu/libm-2.19.so
7f8e67674000-7f8e67873000 ---p 00105000 08:05 260757                     /lib/x86_64-linux-gnu/libm-2.19.so
7f8e67873000-7f8e67874000 r--p 00104000 08:05 260757                     /lib/x86_64-linux-gnu/libm-2.19.so
7f8e67874000-7f8e67875000 rw-p 00105000 08:05 260757                     /lib/x86_64-linux-gnu/libm-2.19.so
7f8e67875000-7f8e68523000 r-xp 00000000 08:05 73906                      /usr/lib/jvm/jdk1.8.0_45/jre/lib/amd64/server/libjvm.so
7f8e68523000-7f8e68722000 ---p 00cae000 08:05 73906                      /usr/lib/jvm/jdk1.8.0_45/jre/lib/amd64/server/libjvm.so
7f8e68722000-7f8e687f9000 rw-p 00cad000 08:05 73906                      /usr/lib/jvm/jdk1.8.0_45/jre/lib/amd64/server/libjvm.so
7f8e687f9000-7f8e6883d000 rw-p 00000000 00:00 0 
7f8e6883d000-7f8e689f8000 r-xp 00000000 08:05 260860                     /lib/x86_64-linux-gnu/libc-2.19.so
7f8e689f8000-7f8e68bf7000 ---p 001bb000 08:05 260860                     /lib/x86_64-linux-gnu/libc-2.19.so
7f8e68bf7000-7f8e68bfb000 r--p 001ba000 08:05 260860                     /lib/x86_64-linux-gnu/libc-2.19.so
7f8e68bfb000-7f8e68bfd000 rw-p 001be000 08:05 260860                     /lib/x86_64-linux-gnu/libc-2.19.so
7f8e68bfd000-7f8e68c02000 rw-p 00000000 00:00 0 
7f8e68c02000-7f8e68c05000 r-xp 00000000 08:05 260761                     /lib/x86_64-linux-gnu/libdl-2.19.so
7f8e68c05000-7f8e68e04000 ---p 00003000 08:05 260761                     /lib/x86_64-linux-gnu/libdl-2.19.so
7f8e68e04000-7f8e68e05000 r--p 00002000 08:05 260761                     /lib/x86_64-linux-gnu/libdl-2.19.so
7f8e68e05000-7f8e68e06000 rw-p 00003000 08:05 260761                     /lib/x86_64-linux-gnu/libdl-2.19.so
7f8e68e06000-7f8e68e1b000 r-xp 00000000 08:05 74199                      /usr/lib/jvm/jdk1.8.0_45/lib/amd64/jli/libjli.so
7f8e68e1b000-7f8e6901b000 ---p 00015000 08:05 74199                      /usr/lib/jvm/jdk1.8.0_45/lib/amd64/jli/libjli.so
7f8e6901b000-7f8e6901c000 rw-p 00015000 08:05 74199                      /usr/lib/jvm/jdk1.8.0_45/lib/amd64/jli/libjli.so
7f8e6901c000-7f8e69035000 r-xp 00000000 08:05 260861                     /lib/x86_64-linux-gnu/libpthread-2.19.so
7f8e69035000-7f8e69234000 ---p 00019000 08:05 260861                     /lib/x86_64-linux-gnu/libpthread-2.19.so
7f8e69234000-7f8e69235000 r--p 00018000 08:05 260861                     /lib/x86_64-linux-gnu/libpthread-2.19.so
7f8e69235000-7f8e69236000 rw-p 00019000 08:05 260861                     /lib/x86_64-linux-gnu/libpthread-2.19.so
7f8e69236000-7f8e6923a000 rw-p 00000000 00:00 0 
7f8e6923a000-7f8e6925d000 r-xp 00000000 08:05 260770                     /lib/x86_64-linux-gnu/ld-2.19.so
7f8e6925d000-7f8e6925f000 r--s 00005000 08:06 793409                     /home/armel/.m2/repository/org/slf4j/slf4j-api/1.6.6/slf4j-api-1.6.6.jar
7f8e6925f000-7f8e69261000 r--s 00007000 08:05 73965                      /usr/lib/jvm/jdk1.8.0_45/jre/lib/jfxswt.jar
7f8e69261000-7f8e69274000 r--s 000d6000 08:05 73830                      /usr/lib/jvm/jdk1.8.0_45/jre/lib/plugin.jar
7f8e69274000-7f8e6933f000 rw-p 00000000 00:00 0 
7f8e6933f000-7f8e69342000 ---p 00000000 00:00 0 
7f8e69342000-7f8e69444000 rw-p 00000000 00:00 0                          [stack:13954]
7f8e69444000-7f8e69445000 r--s 00005000 08:06 3019574                    /home/armel/.m2/repository/com/sun/istack/istack-commons-runtime/2.16/istack-commons-runtime-2.16.jar
7f8e69445000-7f8e6944a000 r--s 002f8000 08:05 73973                      /usr/lib/jvm/jdk1.8.0_45/jre/lib/charsets.jar
7f8e6944a000-7f8e6944f000 r--s 00083000 08:05 73924                      /usr/lib/jvm/jdk1.8.0_45/jre/lib/jfr.jar
7f8e6944f000-7f8e69450000 r--s 00000000 08:05 73972                      /usr/lib/jvm/jdk1.8.0_45/jre/lib/management-agent.jar
7f8e69450000-7f8e69458000 rw-s 00000000 08:05 262311                     /tmp/hsperfdata_armel/13952
7f8e69458000-7f8e69459000 rw-p 00000000 00:00 0 
7f8e69459000-7f8e6945a000 r--p 00000000 00:00 0 
7f8e6945a000-7f8e6945c000 rw-p 00000000 00:00 0 
7f8e6945c000-7f8e6945d000 r--p 00022000 08:05 260770                     /lib/x86_64-linux-gnu/ld-2.19.so
7f8e6945d000-7f8e6945e000 rw-p 00023000 08:05 260770                     /lib/x86_64-linux-gnu/ld-2.19.so
7f8e6945e000-7f8e6945f000 rw-p 00000000 00:00 0 
7ffdf00a4000-7ffdf00c7000 rw-p 00000000 00:00 0                          [stack]
7ffdf01ac000-7ffdf01ae000 r-xp 00000000 00:00 0                          [vdso]
ffffffffff600000-ffffffffff601000 r-xp 00000000 00:00 0                  [vsyscall]

VM Arguments:
jvm_args: -agentlib:jdwp=transport=dt_socket,address=127.0.0.1:53296,suspend=y,server=n -Dfile.encoding=UTF-8 
java_command: com.zenika.MainApp
java_class_path (initial): /usr/lib/jvm/jdk1.8.0_45/jre/lib/management-agent.jar:/usr/lib/jvm/jdk1.8.0_45/jre/lib/rt.jar:/usr/lib/jvm/jdk1.8.0_45/jre/lib/plugin.jar:/usr/lib/jvm/jdk1.8.0_45/jre/lib/jfr.jar:/usr/lib/jvm/jdk1.8.0_45/jre/lib/deploy.jar:/usr/lib/jvm/jdk1.8.0_45/jre/lib/javaws.jar:/usr/lib/jvm/jdk1.8.0_45/jre/lib/charsets.jar:/usr/lib/jvm/jdk1.8.0_45/jre/lib/jfxswt.jar:/usr/lib/jvm/jdk1.8.0_45/jre/lib/jce.jar:/usr/lib/jvm/jdk1.8.0_45/jre/lib/jsse.jar:/usr/lib/jvm/jdk1.8.0_45/jre/lib/resources.jar:/usr/lib/jvm/jdk1.8.0_45/jre/lib/ext/localedata.jar:/usr/lib/jvm/jdk1.8.0_45/jre/lib/ext/jfxrt.jar:/usr/lib/jvm/jdk1.8.0_45/jre/lib/ext/cldrdata.jar:/usr/lib/jvm/jdk1.8.0_45/jre/lib/ext/sunec.jar:/usr/lib/jvm/jdk1.8.0_45/jre/lib/ext/sunjce_provider.jar:/usr/lib/jvm/jdk1.8.0_45/jre/lib/ext/sunpkcs11.jar:/usr/lib/jvm/jdk1.8.0_45/jre/lib/ext/nashorn.jar:/usr/lib/jvm/jdk1.8.0_45/jre/lib/ext/dnsns.jar:/usr/lib/jvm/jdk1.8.0_45/jre/lib/ext/zipfs.jar:/home/armel/workspace/adapter/target/classes:/home/armel/.m2/repository/org/apache/camel/camel-core/2.14.0/camel-core-2.14.0.jar:/home/armel/.m2/repository/org/slf4j/slf4j-api/1.6.6/slf4j-api-1.6.6.jar:/home/armel/.m2/repository/com/sun/xml/bind/jaxb-impl/2.2.7/jaxb-impl-2.2.7.jar:/home/armel/.m2/repository/com/sun/xml/bind/jaxb-core/2.2.7/jaxb-core-2.2.7.jar:/home/armel/.m2/repository/javax/xml/bind/jaxb-api/2.2.7/jaxb-api-2.2.7.jar:/home/armel/.m2/repository/com/sun/istack/istack-commons-runtime/2.16/istack-commons-runtime-2.16.jar:/home/armel/.m2/repository/com/sun/xml/fastinfoset/FastInfoset/1.2.12/FastInfoset-1.2.12.jar:/home/armel/.m2/repository/javax/xml/bind/jsr173_api/1.0/jsr173_api-1.0.jar:/home/armel/.m2/repository/org/apache/camel/camel-spring/2.14.0/camel-spring-2.14.0.jar:/home/armel/.m2/repository/org/springframework/spring-aop/3.2.11.RELEASE/spring-aop-3.2.11.RELEASE.jar:/home/armel/.m2/repository/aopalliance/aopalliance/1.0/aopalliance-1.0.jar:/home/armel/.m2/repository/org/springframework/spring-tx/3.2.1
Launcher Type: SUN_STANDARD

Environment Variables:
JAVA_HOME=/usr/lib/jvm/jdk1.8.0_45
PATH=/usr/local/sbin:/usr/local/bin:/usr/sbin:/usr/bin:/sbin:/bin:/usr/games:/usr/local/games:/usr/lib/jvm/jdk1.8.0_45/bin:/usr/lib/jvm/jdk1.8.0_45/bin
LD_LIBRARY_PATH=/home/armel/idea-IU-141.1532.4/bin:
SHELL=/bin/bash
DISPLAY=:0.0

Signal Handlers:
SIGSEGV: [libjvm.so+0xaad1e0], sa_mask[0]=11111111011111111101111111111110, sa_flags=SA_RESTART|SA_SIGINFO
SIGBUS: [libjvm.so+0xaad1e0], sa_mask[0]=11111111011111111101111111111110, sa_flags=SA_RESTART|SA_SIGINFO
SIGFPE: [libjvm.so+0x90b450], sa_mask[0]=11111111011111111101111111111110, sa_flags=SA_RESTART|SA_SIGINFO
SIGPIPE: [libjvm.so+0x90b450], sa_mask[0]=11111111011111111101111111111110, sa_flags=SA_RESTART|SA_SIGINFO
SIGXFSZ: [libjvm.so+0x90b450], sa_mask[0]=11111111011111111101111111111110, sa_flags=SA_RESTART|SA_SIGINFO
SIGILL: [libjvm.so+0x90b450], sa_mask[0]=11111111011111111101111111111110, sa_flags=SA_RESTART|SA_SIGINFO
SIGUSR1: SIG_DFL, sa_mask[0]=00000000000000000000000000000000, sa_flags=none
SIGUSR2: [libjvm.so+0x90ca90], sa_mask[0]=00100000000000000000000000000000, sa_flags=SA_RESTART|SA_SIGINFO
SIGHUP: [libjvm.so+0x90dde0], sa_mask[0]=11111111011111111101111111111110, sa_flags=SA_RESTART|SA_SIGINFO
SIGINT: [libjvm.so+0x90dde0], sa_mask[0]=11111111011111111101111111111110, sa_flags=SA_RESTART|SA_SIGINFO
SIGTERM: [libjvm.so+0x90dde0], sa_mask[0]=11111111011111111101111111111110, sa_flags=SA_RESTART|SA_SIGINFO
SIGQUIT: [libjvm.so+0x90dde0], sa_mask[0]=11111111011111111101111111111110, sa_flags=SA_RESTART|SA_SIGINFO


---------------  S Y S T E M  ---------------

OS:DISTRIB_ID=Ubuntu
DISTRIB_RELEASE=14.04
DISTRIB_CODENAME=trusty
DISTRIB_DESCRIPTION="Ubuntu 14.04.2 LTS"

uname:Linux 3.13.0-57-generic #95-Ubuntu SMP Fri Jun 19 09:28:15 UTC 2015 x86_64
libc:glibc 2.19 NPTL 2.19 
rlimit: STACK 8192k, CORE 0k, NPROC 62840, NOFILE 4096, AS infinity
load average:1,24 0,80 0,64

/proc/meminfo:
MemTotal:        8065332 kB
MemFree:          992972 kB
Buffers:          268936 kB
Cached:          2031716 kB
SwapCached:           20 kB
Active:          5055296 kB
Inactive:        1655668 kB
Active(anon):    4178956 kB
Inactive(anon):   766008 kB
Active(file):     876340 kB
Inactive(file):   889660 kB
Unevictable:          72 kB
Mlocked:              72 kB
SwapTotal:       1951740 kB
SwapFree:        1951460 kB
Dirty:              4144 kB
Writeback:             0 kB
AnonPages:       4410344 kB
Mapped:           549432 kB
Shmem:            534652 kB
Slab:             212888 kB
SReclaimable:     170840 kB
SUnreclaim:        42048 kB
KernelStack:        7144 kB
PageTables:        50228 kB
NFS_Unstable:          0 kB
Bounce:                0 kB
WritebackTmp:          0 kB
CommitLimit:     5984404 kB
Committed_AS:   10598824 kB
VmallocTotal:   34359738367 kB
VmallocUsed:      366012 kB
VmallocChunk:   34359360088 kB
HardwareCorrupted:     0 kB
AnonHugePages:   2062336 kB
HugePages_Total:       0
HugePages_Free:        0
HugePages_Rsvd:        0
HugePages_Surp:        0
Hugepagesize:       2048 kB
DirectMap4k:       81064 kB
DirectMap2M:     1904640 kB
DirectMap1G:     6291456 kB


CPU:total 4 (2 cores per cpu, 2 threads per core) family 6 model 61 stepping 4, cmov, cx8, fxsr, mmx, sse, sse2, sse3, ssse3, sse4.1, sse4.2, popcnt, avx, avx2, aes, clmul, erms, rtm, 3dnowpref, lzcnt, ht, tsc, tscinvbit, bmi1, bmi2, adx

/proc/cpuinfo:
processor	: 0
vendor_id	: GenuineIntel
cpu family	: 6
model		: 61
model name	: Intel(R) Core(TM) i5-5300U CPU @ 2.30GHz
stepping	: 4
microcode	: 0x16
cpu MHz		: 2200.000
cache size	: 3072 KB
physical id	: 0
siblings	: 4
core id		: 0
cpu cores	: 2
apicid		: 0
initial apicid	: 0
fpu		: yes
fpu_exception	: yes
cpuid level	: 20
wp		: yes
flags		: fpu vme de pse tsc msr pae mce cx8 apic sep mtrr pge mca cmov pat pse36 clflush dts acpi mmx fxsr sse sse2 ss ht tm pbe syscall nx pdpe1gb rdtscp lm constant_tsc arch_perfmon pebs bts rep_good nopl xtopology nonstop_tsc aperfmperf eagerfpu pni pclmulqdq dtes64 monitor ds_cpl vmx smx est tm2 ssse3 fma cx16 xtpr pdcm pcid sse4_1 sse4_2 x2apic movbe popcnt tsc_deadline_timer aes xsave avx f16c rdrand lahf_lm abm 3dnowprefetch ida arat epb xsaveopt pln pts dtherm tpr_shadow vnmi flexpriority ept vpid fsgsbase tsc_adjust bmi1 hle avx2 smep bmi2 erms invpcid rtm rdseed adx smap
bogomips	: 4589.28
clflush size	: 64
cache_alignment	: 64
address sizes	: 39 bits physical, 48 bits virtual
power management:

processor	: 1
vendor_id	: GenuineIntel
cpu family	: 6
model		: 61
model name	: Intel(R) Core(TM) i5-5300U CPU @ 2.30GHz
stepping	: 4
microcode	: 0x16
cpu MHz		: 2301.000
cache size	: 3072 KB
physical id	: 0
siblings	: 4
core id		: 1
cpu cores	: 2
apicid		: 2
initial apicid	: 2
fpu		: yes
fpu_exception	: yes
cpuid level	: 20
wp		: yes
flags		: fpu vme de pse tsc msr pae mce cx8 apic sep mtrr pge mca cmov pat pse36 clflush dts acpi mmx fxsr sse sse2 ss ht tm pbe syscall nx pdpe1gb rdtscp lm constant_tsc arch_perfmon pebs bts rep_good nopl xtopology nonstop_tsc aperfmperf eagerfpu pni pclmulqdq dtes64 monitor ds_cpl vmx smx est tm2 ssse3 fma cx16 xtpr pdcm pcid sse4_1 sse4_2 x2apic movbe popcnt tsc_deadline_timer aes xsave avx f16c rdrand lahf_lm abm 3dnowprefetch ida arat epb xsaveopt pln pts dtherm tpr_shadow vnmi flexpriority ept vpid fsgsbase tsc_adjust bmi1 hle avx2 smep bmi2 erms invpcid rtm rdseed adx smap
bogomips	: 4589.28
clflush size	: 64
cache_alignment	: 64
address sizes	: 39 bits physical, 48 bits virtual
power management:

processor	: 2
vendor_id	: GenuineIntel
cpu family	: 6
model		: 61
model name	: Intel(R) Core(TM) i5-5300U CPU @ 2.30GHz
stepping	: 4
microcode	: 0x16
cpu MHz		: 2200.000
cache size	: 3072 KB
physical id	: 0
siblings	: 4
core id		: 0
cpu cores	: 2
apicid		: 1
initial apicid	: 1
fpu		: yes
fpu_exception	: yes
cpuid level	: 20
wp		: yes
flags		: fpu vme de pse tsc msr pae mce cx8 apic sep mtrr pge mca cmov pat pse36 clflush dts acpi mmx fxsr sse sse2 ss ht tm pbe syscall nx pdpe1gb rdtscp lm constant_tsc arch_perfmon pebs bts rep_good nopl xtopology nonstop_tsc aperfmperf eagerfpu pni pclmulqdq dtes64 monitor ds_cpl vmx smx est tm2 ssse3 fma cx16 xtpr pdcm pcid sse4_1 sse4_2 x2apic movbe popcnt tsc_deadline_timer aes xsave avx f16c rdrand lahf_lm abm 3dnowprefetch ida arat epb xsaveopt pln pts dtherm tpr_shadow vnmi flexpriority ept vpid fsgsbase tsc_adjust bmi1 hle avx2 smep bmi2 erms invpcid rtm rdseed adx smap
bogomips	: 4589.28
clflush size	: 64
cache_alignment	: 64
address sizes	: 39 bits physical, 48 bits virtual
power management:

processor	: 3
vendor_id	: GenuineIntel
cpu family	: 6
model		: 61
model name	: Intel(R) Core(TM) i5-5300U CPU @ 2.30GHz
stepping	: 4
microcode	: 0x16
cpu MHz		: 2301.000
cache size	: 3072 KB
physical id	: 0
siblings	: 4
core id		: 1
cpu cores	: 2
apicid		: 3
initial apicid	: 3
fpu		: yes
fpu_exception	: yes
cpuid level	: 20
wp		: yes
flags		: fpu vme de pse tsc msr pae mce cx8 apic sep mtrr pge mca cmov pat pse36 clflush dts acpi mmx fxsr sse sse2 ss ht tm pbe syscall nx pdpe1gb rdtscp lm constant_tsc arch_perfmon pebs bts rep_good nopl xtopology nonstop_tsc aperfmperf eagerfpu pni pclmulqdq dtes64 monitor ds_cpl vmx smx est tm2 ssse3 fma cx16 xtpr pdcm pcid sse4_1 sse4_2 x2apic movbe popcnt tsc_deadline_timer aes xsave avx f16c rdrand lahf_lm abm 3dnowprefetch ida arat epb xsaveopt pln pts dtherm tpr_shadow vnmi flexpriority ept vpid fsgsbase tsc_adjust bmi1 hle avx2 smep bmi2 erms invpcid rtm rdseed adx smap
bogomips	: 4589.28
clflush size	: 64
cache_alignment	: 64
address sizes	: 39 bits physical, 48 bits virtual
power management:



Memory: 4k page, physical 8065332k(992972k free), swap 1951740k(1951460k free)

vm_info: Java HotSpot(TM) 64-Bit Server VM (25.45-b02) for linux-amd64 JRE (1.8.0_45-b14), built on Apr 10 2015 10:07:45 by "java_re" with gcc 4.3.0 20080428 (Red Hat 4.3.0-8)

time: Thu Jul  9 15:14:56 2015
elapsed time: 4 seconds (0d 0h 0m 4s)

